c:\users\0228h\desktop\study\c++ study\study_oop\4주차_실습문제\debug\vc142.pdb
c:\users\0228h\desktop\study\c++ study\study_oop\4주차_실습문제\debug\vc142.idb
c:\users\0228h\desktop\study\c++ study\study_oop\4주차_실습문제\debug\two.obj
c:\users\0228h\desktop\study\c++ study\study_oop\4주차_실습문제\debug\twelve.obj
c:\users\0228h\desktop\study\c++ study\study_oop\4주차_실습문제\debug\three.obj
c:\users\0228h\desktop\study\c++ study\study_oop\4주차_실습문제\debug\thirteen.obj
c:\users\0228h\desktop\study\c++ study\study_oop\4주차_실습문제\debug\ten.obj
c:\users\0228h\desktop\study\c++ study\study_oop\4주차_실습문제\debug\six.obj
c:\users\0228h\desktop\study\c++ study\study_oop\4주차_실습문제\debug\seven.obj
c:\users\0228h\desktop\study\c++ study\study_oop\4주차_실습문제\debug\nine.obj
c:\users\0228h\desktop\study\c++ study\study_oop\4주차_실습문제\debug\main.obj
c:\users\0228h\desktop\study\c++ study\study_oop\4주차_실습문제\debug\four.obj
c:\users\0228h\desktop\study\c++ study\study_oop\4주차_실습문제\debug\five.obj
c:\users\0228h\desktop\study\c++ study\study_oop\4주차_실습문제\debug\eleven.obj
c:\users\0228h\desktop\study\c++ study\study_oop\4주차_실습문제\debug\eight.obj
c:\users\0228h\desktop\study\c++ study\study_oop\4주차_실습문제\debug\4주차_실습문제.exe
c:\users\0228h\desktop\study\c++ study\study_oop\4주차_실습문제\debug\4주차_실습문제.ilk
c:\users\0228h\desktop\study\c++ study\study_oop\4주차_실습문제\debug\4주차_실습문제.pdb
c:\users\0228h\desktop\study\c++ study\study_oop\4주차_실습문제\debug\4주차_실습문제.tlog\cl.command.1.tlog
c:\users\0228h\desktop\study\c++ study\study_oop\4주차_실습문제\debug\4주차_실습문제.tlog\cl.read.1.tlog
c:\users\0228h\desktop\study\c++ study\study_oop\4주차_실습문제\debug\4주차_실습문제.tlog\cl.write.1.tlog
c:\users\0228h\desktop\study\c++ study\study_oop\4주차_실습문제\debug\4주차_실습문제.tlog\link.command.1.tlog
c:\users\0228h\desktop\study\c++ study\study_oop\4주차_실습문제\debug\4주차_실습문제.tlog\link.read.1.tlog
c:\users\0228h\desktop\study\c++ study\study_oop\4주차_실습문제\debug\4주차_실습문제.tlog\link.write.1.tlog
